[0.283s] Invoking command in '/home/haris/ros2/ros2_ws/src/my_robot_controller': PYTHONPATH=/home/haris/ros2/ros2_ws/build/my_robot_controller/prefix_override:/usr/lib/python3/dist-packages/colcon_core/task/python/colcon_distutils_commands:/home/haris/ros2/ros2_ws/install/my_robot_controller/lib/python3.10/site-packages:${PYTHONPATH} /usr/bin/python3 -W ignore:setup.py install is deprecated setup.py egg_info --egg-base ../../build/my_robot_controller build --build-base /home/haris/ros2/ros2_ws/build/my_robot_controller/build install --record /home/haris/ros2/ros2_ws/build/my_robot_controller/install.log --single-version-externally-managed install_data
[0.394s] running egg_info
[0.394s] writing ../../build/my_robot_controller/my_robot_controller.egg-info/PKG-INFO
[0.394s] writing dependency_links to ../../build/my_robot_controller/my_robot_controller.egg-info/dependency_links.txt
[0.394s] writing entry points to ../../build/my_robot_controller/my_robot_controller.egg-info/entry_points.txt
[0.394s] writing requirements to ../../build/my_robot_controller/my_robot_controller.egg-info/requires.txt
[0.394s] writing top-level names to ../../build/my_robot_controller/my_robot_controller.egg-info/top_level.txt
[0.395s] reading manifest file '../../build/my_robot_controller/my_robot_controller.egg-info/SOURCES.txt'
[0.395s] writing manifest file '../../build/my_robot_controller/my_robot_controller.egg-info/SOURCES.txt'
[0.395s] running build
[0.395s] running build_py
[0.396s] running install
[0.396s] running install_lib
[0.396s] running install_data
[0.396s] running install_egg_info
[0.397s] removing '/home/haris/ros2/ros2_ws/install/my_robot_controller/lib/python3.10/site-packages/my_robot_controller-0.0.0-py3.10.egg-info' (and everything under it)
[0.397s] Copying ../../build/my_robot_controller/my_robot_controller.egg-info to /home/haris/ros2/ros2_ws/install/my_robot_controller/lib/python3.10/site-packages/my_robot_controller-0.0.0-py3.10.egg-info
[0.398s] running install_scripts
[0.409s] writing list of installed files to '/home/haris/ros2/ros2_ws/build/my_robot_controller/install.log'
[0.422s] Invoked command in '/home/haris/ros2/ros2_ws/src/my_robot_controller' returned '0': PYTHONPATH=/home/haris/ros2/ros2_ws/build/my_robot_controller/prefix_override:/usr/lib/python3/dist-packages/colcon_core/task/python/colcon_distutils_commands:/home/haris/ros2/ros2_ws/install/my_robot_controller/lib/python3.10/site-packages:${PYTHONPATH} /usr/bin/python3 -W ignore:setup.py install is deprecated setup.py egg_info --egg-base ../../build/my_robot_controller build --build-base /home/haris/ros2/ros2_ws/build/my_robot_controller/build install --record /home/haris/ros2/ros2_ws/build/my_robot_controller/install.log --single-version-externally-managed install_data
