[0.286s] Invoking command in '/home/haris/ros2/ros2_ws/build/my_robot_controller': PYTHONPATH=/home/haris/ros2/ros2_ws/build/my_robot_controller/prefix_override:/usr/lib/python3/dist-packages/colcon_core/task/python/colcon_distutils_commands:/home/haris/ros2/ros2_ws/install/my_robot_controller/lib/python3.10/site-packages:${PYTHONPATH} /usr/bin/python3 -W ignore:setup.py install is deprecated setup.py develop --editable --build-directory /home/haris/ros2/ros2_ws/build/my_robot_controller/build --no-deps symlink_data --force
[0.408s] running develop
[0.409s] /usr/lib/python3/dist-packages/setuptools/command/easy_install.py:158: EasyInstallDeprecationWarning: easy_install command is deprecated. Use build and pip and other standards-based tools.
[0.409s]   warnings.warn(
[0.476s] running egg_info
[0.477s] writing my_robot_controller.egg-info/PKG-INFO
[0.477s] writing dependency_links to my_robot_controller.egg-info/dependency_links.txt
[0.477s] writing entry points to my_robot_controller.egg-info/entry_points.txt
[0.477s] writing requirements to my_robot_controller.egg-info/requires.txt
[0.477s] writing top-level names to my_robot_controller.egg-info/top_level.txt
[0.477s] reading manifest file 'my_robot_controller.egg-info/SOURCES.txt'
[0.478s] writing manifest file 'my_robot_controller.egg-info/SOURCES.txt'
[0.478s] running build_ext
[0.479s] Creating /home/haris/ros2/ros2_ws/install/my_robot_controller/lib/python3.10/site-packages/my-robot-controller.egg-link (link to .)
[0.479s] Installing test_node script to /home/haris/ros2/ros2_ws/install/my_robot_controller/lib/my_robot_controller
[0.479s] 
[0.479s] Installed /home/haris/ros2/ros2_ws/build/my_robot_controller
[0.479s] running symlink_data
[0.479s] symbolically linking /home/haris/ros2/ros2_ws/build/my_robot_controller/resource/my_robot_controller -> /home/haris/ros2/ros2_ws/install/my_robot_controller/share/ament_index/resource_index/packages
[0.479s] symbolically linking /home/haris/ros2/ros2_ws/build/my_robot_controller/package.xml -> /home/haris/ros2/ros2_ws/install/my_robot_controller/share/my_robot_controller
[0.494s] Invoked command in '/home/haris/ros2/ros2_ws/build/my_robot_controller' returned '0': PYTHONPATH=/home/haris/ros2/ros2_ws/build/my_robot_controller/prefix_override:/usr/lib/python3/dist-packages/colcon_core/task/python/colcon_distutils_commands:/home/haris/ros2/ros2_ws/install/my_robot_controller/lib/python3.10/site-packages:${PYTHONPATH} /usr/bin/python3 -W ignore:setup.py install is deprecated setup.py develop --editable --build-directory /home/haris/ros2/ros2_ws/build/my_robot_controller/build --no-deps symlink_data --force
