[0.338s] Invoking command in '/home/haris/ros2/ros2_ws/build/my_robot_controller': PYTHONPATH=/home/haris/ros2/ros2_ws/build/my_robot_controller/prefix_override:/usr/lib/python3/dist-packages/colcon_core/task/python/colcon_distutils_commands:/home/haris/ros2/ros2_ws/install/my_robot_controller/lib/python3.10/site-packages:${PYTHONPATH} /usr/bin/python3 -W ignore:setup.py install is deprecated setup.py develop --editable --build-directory /home/haris/ros2/ros2_ws/build/my_robot_controller/build --no-deps symlink_data
[0.482s] running develop
[0.482s] /usr/lib/python3/dist-packages/setuptools/command/easy_install.py:158: EasyInstallDeprecationWarning: easy_install command is deprecated. Use build and pip and other standards-based tools.
[0.482s]   warnings.warn(
[0.563s] running egg_info
[0.564s] writing my_robot_controller.egg-info/PKG-INFO
[0.564s] writing dependency_links to my_robot_controller.egg-info/dependency_links.txt
[0.564s] writing entry points to my_robot_controller.egg-info/entry_points.txt
[0.564s] writing requirements to my_robot_controller.egg-info/requires.txt
[0.564s] writing top-level names to my_robot_controller.egg-info/top_level.txt
[0.565s] reading manifest file 'my_robot_controller.egg-info/SOURCES.txt'
[0.565s] writing manifest file 'my_robot_controller.egg-info/SOURCES.txt'
[0.566s] running build_ext
[0.566s] Creating /home/haris/ros2/ros2_ws/install/my_robot_controller/lib/python3.10/site-packages/my-robot-controller.egg-link (link to .)
[0.567s] Installing draw_circle script to /home/haris/ros2/ros2_ws/install/my_robot_controller/lib/my_robot_controller
[0.567s] Installing pose_subscriber script to /home/haris/ros2/ros2_ws/install/my_robot_controller/lib/my_robot_controller
[0.567s] Installing test_node script to /home/haris/ros2/ros2_ws/install/my_robot_controller/lib/my_robot_controller
[0.567s] 
[0.568s] Installed /home/haris/ros2/ros2_ws/build/my_robot_controller
[0.568s] running symlink_data
[0.584s] Invoked command in '/home/haris/ros2/ros2_ws/build/my_robot_controller' returned '0': PYTHONPATH=/home/haris/ros2/ros2_ws/build/my_robot_controller/prefix_override:/usr/lib/python3/dist-packages/colcon_core/task/python/colcon_distutils_commands:/home/haris/ros2/ros2_ws/install/my_robot_controller/lib/python3.10/site-packages:${PYTHONPATH} /usr/bin/python3 -W ignore:setup.py install is deprecated setup.py develop --editable --build-directory /home/haris/ros2/ros2_ws/build/my_robot_controller/build --no-deps symlink_data
