[0.282s] Invoking command in '/home/haris/ros2/ros2_ws/src/my_robot_controller': PYTHONPATH=/home/haris/ros2/ros2_ws/build/my_robot_controller/prefix_override:/usr/lib/python3/dist-packages/colcon_core/task/python/colcon_distutils_commands:/home/haris/ros2/ros2_ws/install/my_robot_controller/lib/python3.10/site-packages:${PYTHONPATH} /usr/bin/python3 -W ignore:setup.py install is deprecated setup.py egg_info --egg-base ../../build/my_robot_controller build --build-base /home/haris/ros2/ros2_ws/build/my_robot_controller/build install --record /home/haris/ros2/ros2_ws/build/my_robot_controller/install.log --single-version-externally-managed install_data
[0.391s] running egg_info
[0.391s] writing ../../build/my_robot_controller/my_robot_controller.egg-info/PKG-INFO
[0.391s] writing dependency_links to ../../build/my_robot_controller/my_robot_controller.egg-info/dependency_links.txt
[0.391s] writing entry points to ../../build/my_robot_controller/my_robot_controller.egg-info/entry_points.txt
[0.391s] writing requirements to ../../build/my_robot_controller/my_robot_controller.egg-info/requires.txt
[0.391s] writing top-level names to ../../build/my_robot_controller/my_robot_controller.egg-info/top_level.txt
[0.392s] reading manifest file '../../build/my_robot_controller/my_robot_controller.egg-info/SOURCES.txt'
[0.393s] writing manifest file '../../build/my_robot_controller/my_robot_controller.egg-info/SOURCES.txt'
[0.393s] running build
[0.393s] running build_py
[0.393s] copying my_robot_controller/my_first_node.py -> /home/haris/ros2/ros2_ws/build/my_robot_controller/build/lib/my_robot_controller
[0.393s] running install
[0.393s] running install_lib
[0.393s] copying /home/haris/ros2/ros2_ws/build/my_robot_controller/build/lib/my_robot_controller/my_first_node.py -> /home/haris/ros2/ros2_ws/install/my_robot_controller/lib/python3.10/site-packages/my_robot_controller
[0.394s] byte-compiling /home/haris/ros2/ros2_ws/install/my_robot_controller/lib/python3.10/site-packages/my_robot_controller/my_first_node.py to my_first_node.cpython-310.pyc
[0.394s] running install_data
[0.394s] running install_egg_info
[0.395s] removing '/home/haris/ros2/ros2_ws/install/my_robot_controller/lib/python3.10/site-packages/my_robot_controller-0.0.0-py3.10.egg-info' (and everything under it)
[0.395s] Copying ../../build/my_robot_controller/my_robot_controller.egg-info to /home/haris/ros2/ros2_ws/install/my_robot_controller/lib/python3.10/site-packages/my_robot_controller-0.0.0-py3.10.egg-info
[0.395s] running install_scripts
[0.407s] Installing test_node script to /home/haris/ros2/ros2_ws/install/my_robot_controller/lib/my_robot_controller
[0.407s] writing list of installed files to '/home/haris/ros2/ros2_ws/build/my_robot_controller/install.log'
[0.420s] Invoked command in '/home/haris/ros2/ros2_ws/src/my_robot_controller' returned '0': PYTHONPATH=/home/haris/ros2/ros2_ws/build/my_robot_controller/prefix_override:/usr/lib/python3/dist-packages/colcon_core/task/python/colcon_distutils_commands:/home/haris/ros2/ros2_ws/install/my_robot_controller/lib/python3.10/site-packages:${PYTHONPATH} /usr/bin/python3 -W ignore:setup.py install is deprecated setup.py egg_info --egg-base ../../build/my_robot_controller build --build-base /home/haris/ros2/ros2_ws/build/my_robot_controller/build install --record /home/haris/ros2/ros2_ws/build/my_robot_controller/install.log --single-version-externally-managed install_data
