[0.297s] Invoking command in '/home/haris/ros2/ros2_ws/src/my_robot_controller': PYTHONPATH=/home/haris/ros2/ros2_ws/build/my_robot_controller/prefix_override:/usr/lib/python3/dist-packages/colcon_core/task/python/colcon_distutils_commands:/home/haris/ros2/ros2_ws/install/my_robot_controller/lib/python3.10/site-packages:${PYTHONPATH} /usr/bin/python3 -W ignore:setup.py install is deprecated setup.py egg_info --egg-base ../../build/my_robot_controller build --build-base /home/haris/ros2/ros2_ws/build/my_robot_controller/build install --record /home/haris/ros2/ros2_ws/build/my_robot_controller/install.log --single-version-externally-managed install_data
[0.407s] running egg_info
[0.407s] creating ../../build/my_robot_controller/my_robot_controller.egg-info
[0.407s] writing ../../build/my_robot_controller/my_robot_controller.egg-info/PKG-INFO
[0.408s] writing dependency_links to ../../build/my_robot_controller/my_robot_controller.egg-info/dependency_links.txt
[0.408s] writing entry points to ../../build/my_robot_controller/my_robot_controller.egg-info/entry_points.txt
[0.408s] writing requirements to ../../build/my_robot_controller/my_robot_controller.egg-info/requires.txt
[0.408s] writing top-level names to ../../build/my_robot_controller/my_robot_controller.egg-info/top_level.txt
[0.408s] writing manifest file '../../build/my_robot_controller/my_robot_controller.egg-info/SOURCES.txt'
[0.409s] reading manifest file '../../build/my_robot_controller/my_robot_controller.egg-info/SOURCES.txt'
[0.409s] writing manifest file '../../build/my_robot_controller/my_robot_controller.egg-info/SOURCES.txt'
[0.409s] running build
[0.409s] running build_py
[0.409s] creating /home/haris/ros2/ros2_ws/build/my_robot_controller/build
[0.409s] creating /home/haris/ros2/ros2_ws/build/my_robot_controller/build/lib
[0.409s] creating /home/haris/ros2/ros2_ws/build/my_robot_controller/build/lib/my_robot_controller
[0.409s] copying my_robot_controller/__init__.py -> /home/haris/ros2/ros2_ws/build/my_robot_controller/build/lib/my_robot_controller
[0.410s] running install
[0.410s] running install_lib
[0.410s] creating /home/haris/ros2/ros2_ws/install/my_robot_controller/lib/python3.10/site-packages/my_robot_controller
[0.410s] copying /home/haris/ros2/ros2_ws/build/my_robot_controller/build/lib/my_robot_controller/__init__.py -> /home/haris/ros2/ros2_ws/install/my_robot_controller/lib/python3.10/site-packages/my_robot_controller
[0.410s] byte-compiling /home/haris/ros2/ros2_ws/install/my_robot_controller/lib/python3.10/site-packages/my_robot_controller/__init__.py to __init__.cpython-310.pyc
[0.410s] running install_data
[0.410s] creating /home/haris/ros2/ros2_ws/install/my_robot_controller/share/ament_index
[0.410s] creating /home/haris/ros2/ros2_ws/install/my_robot_controller/share/ament_index/resource_index
[0.410s] creating /home/haris/ros2/ros2_ws/install/my_robot_controller/share/ament_index/resource_index/packages
[0.410s] copying resource/my_robot_controller -> /home/haris/ros2/ros2_ws/install/my_robot_controller/share/ament_index/resource_index/packages
[0.410s] copying package.xml -> /home/haris/ros2/ros2_ws/install/my_robot_controller/share/my_robot_controller
[0.410s] running install_egg_info
[0.411s] Copying ../../build/my_robot_controller/my_robot_controller.egg-info to /home/haris/ros2/ros2_ws/install/my_robot_controller/lib/python3.10/site-packages/my_robot_controller-0.0.0-py3.10.egg-info
[0.411s] running install_scripts
[0.424s] writing list of installed files to '/home/haris/ros2/ros2_ws/build/my_robot_controller/install.log'
[0.438s] Invoked command in '/home/haris/ros2/ros2_ws/src/my_robot_controller' returned '0': PYTHONPATH=/home/haris/ros2/ros2_ws/build/my_robot_controller/prefix_override:/usr/lib/python3/dist-packages/colcon_core/task/python/colcon_distutils_commands:/home/haris/ros2/ros2_ws/install/my_robot_controller/lib/python3.10/site-packages:${PYTHONPATH} /usr/bin/python3 -W ignore:setup.py install is deprecated setup.py egg_info --egg-base ../../build/my_robot_controller build --build-base /home/haris/ros2/ros2_ws/build/my_robot_controller/build install --record /home/haris/ros2/ros2_ws/build/my_robot_controller/install.log --single-version-externally-managed install_data
