[0.333s] Invoking command in '/home/haris/ros2/ros2_ws/build/my_robot_controller': PYTHONPATH=/home/haris/ros2/ros2_ws/build/my_robot_controller/prefix_override:/usr/lib/python3/dist-packages/colcon_core/task/python/colcon_distutils_commands:/home/haris/ros2/ros2_ws/install/my_robot_controller/lib/python3.10/site-packages:${PYTHONPATH} /usr/bin/python3 -W ignore:setup.py install is deprecated setup.py develop --editable --build-directory /home/haris/ros2/ros2_ws/build/my_robot_controller/build --no-deps symlink_data
[0.476s] running develop
[0.476s] /usr/lib/python3/dist-packages/setuptools/command/easy_install.py:158: EasyInstallDeprecationWarning: easy_install command is deprecated. Use build and pip and other standards-based tools.
[0.476s]   warnings.warn(
[0.556s] running egg_info
[0.556s] writing my_robot_controller.egg-info/PKG-INFO
[0.556s] writing dependency_links to my_robot_controller.egg-info/dependency_links.txt
[0.556s] writing entry points to my_robot_controller.egg-info/entry_points.txt
[0.557s] writing requirements to my_robot_controller.egg-info/requires.txt
[0.557s] writing top-level names to my_robot_controller.egg-info/top_level.txt
[0.558s] reading manifest file 'my_robot_controller.egg-info/SOURCES.txt'
[0.559s] writing manifest file 'my_robot_controller.egg-info/SOURCES.txt'
[0.559s] running build_ext
[0.560s] Creating /home/haris/ros2/ros2_ws/install/my_robot_controller/lib/python3.10/site-packages/my-robot-controller.egg-link (link to .)
[0.560s] Installing draw_circle script to /home/haris/ros2/ros2_ws/install/my_robot_controller/lib/my_robot_controller
[0.560s] Installing pose_subscriber script to /home/haris/ros2/ros2_ws/install/my_robot_controller/lib/my_robot_controller
[0.561s] Installing test_node script to /home/haris/ros2/ros2_ws/install/my_robot_controller/lib/my_robot_controller
[0.561s] Installing turtle_controller script to /home/haris/ros2/ros2_ws/install/my_robot_controller/lib/my_robot_controller
[0.561s] 
[0.561s] Installed /home/haris/ros2/ros2_ws/build/my_robot_controller
[0.561s] running symlink_data
[0.578s] Invoked command in '/home/haris/ros2/ros2_ws/build/my_robot_controller' returned '0': PYTHONPATH=/home/haris/ros2/ros2_ws/build/my_robot_controller/prefix_override:/usr/lib/python3/dist-packages/colcon_core/task/python/colcon_distutils_commands:/home/haris/ros2/ros2_ws/install/my_robot_controller/lib/python3.10/site-packages:${PYTHONPATH} /usr/bin/python3 -W ignore:setup.py install is deprecated setup.py develop --editable --build-directory /home/haris/ros2/ros2_ws/build/my_robot_controller/build --no-deps symlink_data
